# JRE version: OpenJDK Runtime Environment (8.0_152-b02) (build 1.8.0_152-release-1024-b02)
# Java VM: OpenJDK 64-Bit Server VM (25.152-b02 mixed mode windows-amd64 compressed oops)
Heap:
 PSYoungGen      total 178176K, used 21430K [0x00000000e0000000, 0x00000000f0080000, 0x0000000100000000)
  eden space 162816K, 3% used [0x00000000e0000000,0x00000000e05f2448,0x00000000e9f00000)
  from space 15360K, 99% used [0x00000000e9f00000,0x00000000eadfb520,0x00000000eae00000)
  to   space 22528K, 0% used [0x00000000eea80000,0x00000000eea80000,0x00000000f0080000)
 ParOldGen       total 91136K, used 33745K [0x00000000a0000000, 0x00000000a5900000, 0x00000000e0000000)
  object space 91136K, 37% used [0x00000000a0000000,0x00000000a20f4460,0x00000000a5900000)
 Metaspace       used 55679K, capacity 57562K, committed 57856K, reserved 1099776K
  class space    used 7663K, capacity 8168K, committed 8192K, reserved 1048576K
GC Heap History (10 events):
Event: 3.179 GC heap before
{Heap before GC invocations=7 (full 1):
 PSYoungGen      total 71680K, used 66560K [0x00000000e0000000, 0x00000000e9600000, 0x0000000100000000)
  eden space 66560K, 100% used [0x00000000e0000000,0x00000000e4100000,0x00000000e4100000)
  from space 5120K, 0% used [0x00000000e4100000,0x00000000e4100000,0x00000000e4600000)
  to   space 10240K, 0% used [0x00000000e8c00000,0x00000000e8c00000,0x00000000e9600000)
 ParOldGen       total 58880K, used 8094K [0x00000000a0000000, 0x00000000a3980000, 0x00000000e0000000)
  object space 58880K, 13% used [0x00000000a0000000,0x00000000a07e7ac8,0x00000000a3980000)
 Metaspace       used 26493K, capacity 26992K, committed 27136K, reserved 1073152K
  class space    used 3655K, capacity 3829K, committed 3840K, reserved 1048576K
Event: 3.198 GC heap after
Heap after GC invocations=7 (full 1):
 PSYoungGen      total 114176K, used 7069K [0x00000000e0000000, 0x00000000e9300000, 0x0000000100000000)
  eden space 107008K, 0% used [0x00000000e0000000,0x00000000e0000000,0x00000000e6880000)
  from space 7168K, 98% used [0x00000000e8c00000,0x00000000e92e7480,0x00000000e9300000)
  to   space 9728K, 0% used [0x00000000e8000000,0x00000000e8000000,0x00000000e8980000)
 ParOldGen       total 58880K, used 8102K [0x00000000a0000000, 0x00000000a3980000, 0x00000000e0000000)
  object space 58880K, 13% used [0x00000000a0000000,0x00000000a07e9ac8,0x00000000a3980000)
 Metaspace       used 26493K, capacity 26992K, committed 27136K, reserved 1073152K
  class space    used 3655K, capacity 3829K, committed 3840K, reserved 1048576K
}
Event: 7.127 GC heap before
{Heap before GC invocations=8 (full 1):
 PSYoungGen      total 114176K, used 96893K [0x00000000e0000000, 0x00000000e9300000, 0x0000000100000000)
  eden space 107008K, 83% used [0x00000000e0000000,0x00000000e57b8238,0x00000000e6880000)
  from space 7168K, 98% used [0x00000000e8c00000,0x00000000e92e7480,0x00000000e9300000)
  to   space 9728K, 0% used [0x00000000e8000000,0x00000000e8000000,0x00000000e8980000)
 ParOldGen       total 58880K, used 8102K [0x00000000a0000000, 0x00000000a3980000, 0x00000000e0000000)
  object space 58880K, 13% used [0x00000000a0000000,0x00000000a07e9ac8,0x00000000a3980000)
 Metaspace       used 34599K, capacity 35342K, committed 35416K, reserved 1079296K
  class space    used 4780K, capacity 5063K, committed 5120K, reserved 1048576K
Event: 7.139 GC heap after
Heap after GC invocations=8 (full 1):
 PSYoungGen      total 140800K, used 9721K [0x00000000e0000000, 0x00000000eba80000, 0x0000000100000000)
  eden space 131072K, 0% used [0x00000000e0000000,0x00000000e0000000,0x00000000e8000000)
  from space 9728K, 99% used [0x00000000e8000000,0x00000000e897e730,0x00000000e8980000)
  to   space 12800K, 0% used [0x00000000eae00000,0x00000000eae00000,0x00000000eba80000)
 ParOldGen       total 58880K, used 11382K [0x00000000a0000000, 0x00000000a3980000, 0x00000000e0000000)
  object space 58880K, 19% used [0x00000000a0000000,0x00000000a0b1d820,0x00000000a3980000)
 Metaspace       used 34599K, capacity 35342K, committed 35416K, reserved 1079296K
  class space    used 4780K, capacity 5063K, committed 5120K, reserved 1048576K
}
Event: 7.139 GC heap before
{Heap before GC invocations=9 (full 2):
 PSYoungGen      total 140800K, used 9721K [0x00000000e0000000, 0x00000000eba80000, 0x0000000100000000)
  eden space 131072K, 0% used [0x00000000e0000000,0x00000000e0000000,0x00000000e8000000)
  from space 9728K, 99% used [0x00000000e8000000,0x00000000e897e730,0x00000000e8980000)
  to   space 12800K, 0% used [0x00000000eae00000,0x00000000eae00000,0x00000000eba80000)
 ParOldGen       total 58880K, used 11382K [0x00000000a0000000, 0x00000000a3980000, 0x00000000e0000000)
  object space 58880K, 19% used [0x00000000a0000000,0x00000000a0b1d820,0x00000000a3980000)
 Metaspace       used 34599K, capacity 35342K, committed 35416K, reserved 1079296K
  class space    used 4780K, capacity 5063K, committed 5120K, reserved 1048576K
Event: 7.188 GC heap after
Heap after GC invocations=9 (full 2):
 PSYoungGen      total 140800K, used 0K [0x00000000e0000000, 0x00000000eba80000, 0x0000000100000000)
  eden space 131072K, 0% used [0x00000000e0000000,0x00000000e0000000,0x00000000e8000000)
  from space 9728K, 0% used [0x00000000e8000000,0x00000000e8000000,0x00000000e8980000)
  to   space 12800K, 0% used [0x00000000eae00000,0x00000000eae00000,0x00000000eba80000)
 ParOldGen       total 91136K, used 19410K [0x00000000a0000000, 0x00000000a5900000, 0x00000000e0000000)
  object space 91136K, 21% used [0x00000000a0000000,0x00000000a12f4868,0x00000000a5900000)
 Metaspace       used 34599K, capacity 35342K, committed 35416K, reserved 1079296K
  class space    used 4780K, capacity 5063K, committed 5120K, reserved 1048576K
}
Event: 8.949 GC heap before
{Heap before GC invocations=10 (full 2):
 PSYoungGen      total 140800K, used 131072K [0x00000000e0000000, 0x00000000eba80000, 0x0000000100000000)
  eden space 131072K, 100% used [0x00000000e0000000,0x00000000e8000000,0x00000000e8000000)
  from space 9728K, 0% used [0x00000000e8000000,0x00000000e8000000,0x00000000e8980000)
  to   space 12800K, 0% used [0x00000000eae00000,0x00000000eae00000,0x00000000eba80000)
 ParOldGen       total 91136K, used 19410K [0x00000000a0000000, 0x00000000a5900000, 0x00000000e0000000)
  object space 91136K, 21% used [0x00000000a0000000,0x00000000a12f4868,0x00000000a5900000)
 Metaspace       used 41741K, capacity 42806K, committed 43008K, reserved 1085440K
  class space    used 5727K, capacity 6057K, committed 6144K, reserved 1048576K
Event: 8.970 GC heap after
Heap after GC invocations=10 (full 2):
 PSYoungGen      total 175616K, used 12777K [0x00000000e0000000, 0x00000000ee580000, 0x0000000100000000)
  eden space 162816K, 0% used [0x00000000e0000000,0x00000000e0000000,0x00000000e9f00000)
  from space 12800K, 99% used [0x00000000eae00000,0x00000000eba7a680,0x00000000eba80000)
  to   space 15360K, 0% used [0x00000000e9f00000,0x00000000e9f00000,0x00000000eae00000)
 ParOldGen       total 91136K, used 21371K [0x00000000a0000000, 0x00000000a5900000, 0x00000000e0000000)
  object space 91136K, 23% used [0x00000000a0000000,0x00000000a14def58,0x00000000a5900000)
 Metaspace       used 41741K, capacity 42806K, committed 43008K, reserved 1085440K
  class space    used 5727K, capacity 6057K, committed 6144K, reserved 1048576K
}
Event: 11.172 GC heap before
{Heap before GC invocations=11 (full 2):
 PSYoungGen      total 175616K, used 175593K [0x00000000e0000000, 0x00000000ee580000, 0x0000000100000000)
  eden space 162816K, 100% used [0x00000000e0000000,0x00000000e9f00000,0x00000000e9f00000)
  from space 12800K, 99% used [0x00000000eae00000,0x00000000eba7a680,0x00000000eba80000)
  to   space 15360K, 0% used [0x00000000e9f00000,0x00000000e9f00000,0x00000000eae00000)
 ParOldGen       total 91136K, used 21371K [0x00000000a0000000, 0x00000000a5900000, 0x00000000e0000000)
  object space 91136K, 23% used [0x00000000a0000000,0x00000000a14def58,0x00000000a5900000)
 Metaspace       used 54629K, capacity 56552K, committed 56832K, reserved 1097728K
  class space    used 7554K, capacity 8069K, committed 8192K, reserved 1048576K
Event: 11.207 GC heap after
Heap after GC invocations=11 (full 2):
 PSYoungGen      total 178176K, used 15341K [0x00000000e0000000, 0x00000000f0080000, 0x0000000100000000)
  eden space 162816K, 0% used [0x00000000e0000000,0x00000000e0000000,0x00000000e9f00000)
  from space 15360K, 99% used [0x00000000e9f00000,0x00000000eadfb520,0x00000000eae00000)
  to   space 22528K, 0% used [0x00000000eea80000,0x00000000eea80000,0x00000000f0080000)
 ParOldGen       total 91136K, used 33745K [0x00000000a0000000, 0x00000000a5900000, 0x00000000e0000000)
  object space 91136K, 37% used [0x00000000a0000000,0x00000000a20f4460,0x00000000a5900000)
 Metaspace       used 54629K, capacity 56552K, committed 56832K, reserved 1097728K
  class space    used 7554K, capacity 8069K, committed 8192K, reserved 1048576K
}

